0 info it worked if it ends with ok
1 verbose cli [ '/usr/local/bin/node',
1 verbose cli   '/Users/christine/.npm-packages/bin/npm',
1 verbose cli   'run',
1 verbose cli   'tsc:w' ]
2 info using npm@3.5.2
3 info using node@v4.2.3
4 verbose run-script [ 'pretsc:w', 'tsc:w', 'posttsc:w' ]
5 info lifecycle ng2stidialog@1.0.0~pretsc:w: ng2stidialog@1.0.0
6 silly lifecycle ng2stidialog@1.0.0~pretsc:w: no script for pretsc:w, continuing
7 info lifecycle ng2stidialog@1.0.0~tsc:w: ng2stidialog@1.0.0
8 verbose lifecycle ng2stidialog@1.0.0~tsc:w: unsafe-perm in lifecycle true
9 verbose lifecycle ng2stidialog@1.0.0~tsc:w: PATH: /Users/christine/.npm-packages/lib/node_modules/npm/bin/node-gyp-bin:/Users/christine/GitHub/ng2stidialog/node_modules/.bin:/Users/christine/.npm-packages/lib/node_modules/npm/bin/node-gyp-bin:/Users/christine/GitHub/ng2stidialog/node_modules/.bin:/Users/christine/.npm-packages/bin:/Users/christine/local/bin:/Users/christine/.rvm/gems/ruby-2.1.0/bin:/Users/christine/.rvm/gems/ruby-2.1.0@global/bin:/Users/christine/.rvm/rubies/ruby-2.1.0/bin:/usr/local/git/bin:/usr/local/sbin:~/bin:/usr/local/bin:/usr/bin:/bin:/usr/sbin:/sbin:/usr/local/git/bin:/Users/christine/.rvm/bin:/Users/christine/.rvm/bin
10 verbose lifecycle ng2stidialog@1.0.0~tsc:w: CWD: /Users/christine/GitHub/ng2stidialog
11 silly lifecycle ng2stidialog@1.0.0~tsc:w: Args: [ '-c', 'tsc -p src -w' ]
12 silly lifecycle ng2stidialog@1.0.0~tsc:w: Returned: code: 1  signal: null
13 info lifecycle ng2stidialog@1.0.0~tsc:w: Failed to exec tsc:w script
14 verbose stack Error: ng2stidialog@1.0.0 tsc:w: `tsc -p src -w`
14 verbose stack Exit status 1
14 verbose stack     at EventEmitter.<anonymous> (/Users/christine/.npm-packages/lib/node_modules/npm/lib/utils/lifecycle.js:232:16)
14 verbose stack     at emitTwo (events.js:87:13)
14 verbose stack     at EventEmitter.emit (events.js:172:7)
14 verbose stack     at ChildProcess.<anonymous> (/Users/christine/.npm-packages/lib/node_modules/npm/lib/utils/spawn.js:24:14)
14 verbose stack     at emitTwo (events.js:87:13)
14 verbose stack     at ChildProcess.emit (events.js:172:7)
14 verbose stack     at maybeClose (internal/child_process.js:818:16)
14 verbose stack     at Process.ChildProcess._handle.onexit (internal/child_process.js:211:5)
15 verbose pkgid ng2stidialog@1.0.0
16 verbose cwd /Users/christine/GitHub/ng2stidialog
17 error Darwin 14.5.0
18 error argv "/usr/local/bin/node" "/Users/christine/.npm-packages/bin/npm" "run" "tsc:w"
19 error node v4.2.3
20 error npm  v3.5.2
21 error code ELIFECYCLE
22 error ng2stidialog@1.0.0 tsc:w: `tsc -p src -w`
22 error Exit status 1
23 error Failed at the ng2stidialog@1.0.0 tsc:w script 'tsc -p src -w'.
23 error Make sure you have the latest version of node.js and npm installed.
23 error If you do, this is most likely a problem with the ng2stidialog package,
23 error not with npm itself.
23 error Tell the author that this fails on your system:
23 error     tsc -p src -w
23 error You can get information on how to open an issue for this project with:
23 error     npm bugs ng2stidialog
23 error Or if that isn't available, you can get their info via:
23 error     npm owner ls ng2stidialog
23 error There is likely additional logging output above.
24 verbose exit [ 1, true ]
